<?xml version="1.0" encoding="UTF-8"?>
<testsuite xmlns:xsi="http://www.w3.org/2001/XMLSchema-instance" xsi:noNamespaceSchemaLocation="https://maven.apache.org/surefire/maven-surefire-plugin/xsd/surefire-test-report.xsd" version="3.0.2" name="com.paymentchain.product.ProductApplicationTests" time="39.822" tests="1" errors="0" skipped="0" failures="0">
  <properties>
[...]
</properties>
  <testcase name="contextLoads" classname="com.paymentchain.product.ProductApplicationTests" time="1.462">
    <system-out><![CDATA[15:21:56.844 [main] INFO org.springframework.test.context.support.AnnotationConfigContextLoaderUtils -- Could not detect default configuration classes for test class [com.paymentchain.product.ProductApplicationTests]: ProductApplicationTests does not declare any static, non-private, non-final, nested classes annotated with @Configuration.
15:21:57.392 [main] INFO org.springframework.boot.test.context.SpringBootTestContextBootstrapper -- Found @SpringBootConfiguration com.paymentchain.product.ProductApplication for test class com.paymentchain.product.ProductApplicationTests
15:21:58.275 [main] INFO org.springframework.boot.devtools.restart.RestartApplicationListener -- Restart disabled due to context in which it is running

  .   ____          _            __ _ _
 /\\ / ___'_ __ _ _(_)_ __  __ _ \ \ \ \
( ( )\___ | '_ | '_| | '_ \/ _` | \ \ \ \
 \\/  ___)| |_)| | | | | || (_| |  ) ) ) )
  '  |____| .__|_| |_|_| |_\__, | / / / /
 =========|_|==============|___/=/_/_/_/

 :: Spring Boot ::                (v3.3.2)

2024-08-26T15:22:01.281-05:00  INFO 4216 --- [businessdomain-product] [           main] c.p.product.ProductApplicationTests      : Starting ProductApplicationTests using Java 19.0.2 with PID 4216 (started by DELL in C:\Users\DELL\Desktop\Microservicios\paymentchainparent\businessdomain\product)
2024-08-26T15:22:01.350-05:00  INFO 4216 --- [businessdomain-product] [           main] c.p.product.ProductApplicationTests      : No active profile set, falling back to 1 default profile: "default"
2024-08-26T15:22:08.255-05:00  INFO 4216 --- [businessdomain-product] [           main] .s.d.r.c.RepositoryConfigurationDelegate : Bootstrapping Spring Data JPA repositories in DEFAULT mode.
2024-08-26T15:22:09.184-05:00  INFO 4216 --- [businessdomain-product] [           main] .s.d.r.c.RepositoryConfigurationDelegate : Finished Spring Data repository scanning in 880 ms. Found 1 JPA repository interface.
2024-08-26T15:22:10.596-05:00  INFO 4216 --- [businessdomain-product] [           main] o.s.cloud.context.scope.GenericScope     : BeanFactory id=97faa01d-45f7-3c22-ac79-6a65e4ddc452
2024-08-26T15:22:12.097-05:00  WARN 4216 --- [businessdomain-product] [           main] trationDelegate$BeanPostProcessorChecker : Bean 'org.springframework.cloud.client.loadbalancer.LoadBalancerAutoConfiguration$DeferringLoadBalancerInterceptorConfig' of type [org.springframework.cloud.client.loadbalancer.LoadBalancerAutoConfiguration$DeferringLoadBalancerInterceptorConfig] is not eligible for getting processed by all BeanPostProcessors (for example: not eligible for auto-proxying). The currently created BeanPostProcessor [lbRestClientPostProcessor] is declared through a non-static factory method on that class; consider declaring it as static instead.
2024-08-26T15:22:12.116-05:00  WARN 4216 --- [businessdomain-product] [           main] trationDelegate$BeanPostProcessorChecker : Bean 'deferringLoadBalancerInterceptor' of type [org.springframework.cloud.client.loadbalancer.DeferringLoadBalancerInterceptor] is not eligible for getting processed by all BeanPostProcessors (for example: not eligible for auto-proxying). Is this bean getting eagerly injected into a currently created BeanPostProcessor [lbRestClientPostProcessor]? Check the corresponding BeanPostProcessor declaration and its dependencies.
2024-08-26T15:22:12.136-05:00  WARN 4216 --- [businessdomain-product] [           main] trationDelegate$BeanPostProcessorChecker : Bean 'org.springframework.cloud.client.loadbalancer.reactive.LoadBalancerBeanPostProcessorAutoConfiguration' of type [org.springframework.cloud.client.loadbalancer.reactive.LoadBalancerBeanPostProcessorAutoConfiguration] is not eligible for getting processed by all BeanPostProcessors (for example: not eligible for auto-proxying). The currently created BeanPostProcessor [loadBalancerWebClientBuilderBeanPostProcessor] is declared through a non-static factory method on that class; consider declaring it as static instead.
2024-08-26T15:22:12.144-05:00  WARN 4216 --- [businessdomain-product] [           main] trationDelegate$BeanPostProcessorChecker : Bean 'org.springframework.cloud.client.loadbalancer.reactive.LoadBalancerBeanPostProcessorAutoConfiguration$ReactorDeferringLoadBalancerFilterConfig' of type [org.springframework.cloud.client.loadbalancer.reactive.LoadBalancerBeanPostProcessorAutoConfiguration$ReactorDeferringLoadBalancerFilterConfig] is not eligible for getting processed by all BeanPostProcessors (for example: not eligible for auto-proxying). Is this bean getting eagerly injected into a currently created BeanPostProcessor [loadBalancerWebClientBuilderBeanPostProcessor]? Check the corresponding BeanPostProcessor declaration and its dependencies.
2024-08-26T15:22:12.163-05:00  WARN 4216 --- [businessdomain-product] [           main] trationDelegate$BeanPostProcessorChecker : Bean 'reactorDeferringLoadBalancerExchangeFilterFunction' of type [org.springframework.cloud.client.loadbalancer.reactive.DeferringLoadBalancerExchangeFilterFunction] is not eligible for getting processed by all BeanPostProcessors (for example: not eligible for auto-proxying). Is this bean getting eagerly injected into a currently created BeanPostProcessor [loadBalancerWebClientBuilderBeanPostProcessor]? Check the corresponding BeanPostProcessor declaration and its dependencies.
2024-08-26T15:22:13.485-05:00  INFO 4216 --- [businessdomain-product] [           main] com.zaxxer.hikari.HikariDataSource       : HikariPool-1 - Starting...
2024-08-26T15:22:14.325-05:00  INFO 4216 --- [businessdomain-product] [           main] com.zaxxer.hikari.pool.HikariPool        : HikariPool-1 - Added connection conn0: url=jdbc:h2:mem:335d2726-1298-4259-9e88-bc5a9809adc7 user=SA
2024-08-26T15:22:14.330-05:00  INFO 4216 --- [businessdomain-product] [           main] com.zaxxer.hikari.HikariDataSource       : HikariPool-1 - Start completed.
2024-08-26T15:22:14.549-05:00  INFO 4216 --- [businessdomain-product] [           main] o.hibernate.jpa.internal.util.LogHelper  : HHH000204: Processing PersistenceUnitInfo [name: default]
2024-08-26T15:22:14.807-05:00  INFO 4216 --- [businessdomain-product] [           main] org.hibernate.Version                    : HHH000412: Hibernate ORM core version 6.5.2.Final
2024-08-26T15:22:14.911-05:00  INFO 4216 --- [businessdomain-product] [           main] o.h.c.internal.RegionFactoryInitiator    : HHH000026: Second-level cache disabled
2024-08-26T15:22:15.976-05:00  INFO 4216 --- [businessdomain-product] [           main] o.s.o.j.p.SpringPersistenceUnitInfo      : No LoadTimeWeaver setup: ignoring JPA class transformer
2024-08-26T15:22:18.474-05:00  INFO 4216 --- [businessdomain-product] [           main] o.h.e.t.j.p.i.JtaPlatformInitiator       : HHH000489: No JTA platform available (set 'hibernate.transaction.jta.platform' to enable JTA platform integration)
2024-08-26T15:22:18.574-05:00  INFO 4216 --- [businessdomain-product] [           main] j.LocalContainerEntityManagerFactoryBean : Initialized JPA EntityManagerFactory for persistence unit 'default'
2024-08-26T15:22:22.092-05:00  WARN 4216 --- [businessdomain-product] [           main] JpaBaseConfiguration$JpaWebConfiguration : spring.jpa.open-in-view is enabled by default. Therefore, database queries may be performed during view rendering. Explicitly configure spring.jpa.open-in-view to disable this warning
2024-08-26T15:22:30.349-05:00  INFO 4216 --- [businessdomain-product] [           main] DiscoveryClientOptionalArgsConfiguration : Eureka HTTP Client uses RestTemplate.
2024-08-26T15:22:30.620-05:00  WARN 4216 --- [businessdomain-product] [           main] iguration$LoadBalancerCaffeineWarnLogger : Spring Cloud LoadBalancer is currently working with the default cache. While this cache implementation is useful for development and tests, it's recommended to use Caffeine cache in production.You can switch to using Caffeine cache, by adding it and org.springframework.cache.caffeine.CaffeineCacheManager to the classpath.
2024-08-26T15:22:30.763-05:00  INFO 4216 --- [businessdomain-product] [           main] o.s.b.a.e.web.EndpointLinksResolver      : Exposing 17 endpoints beneath base path '/actuator'
2024-08-26T15:22:31.546-05:00  INFO 4216 --- [businessdomain-product] [           main] o.s.c.n.eureka.InstanceInfoFactory       : Setting initial instance status as: STARTING
2024-08-26T15:22:31.717-05:00  INFO 4216 --- [businessdomain-product] [           main] com.netflix.discovery.DiscoveryClient    : Initializing Eureka in region us-east-1
2024-08-26T15:22:31.749-05:00  INFO 4216 --- [businessdomain-product] [           main] c.n.d.s.r.aws.ConfigClusterResolver      : Resolving eureka endpoints via configuration
2024-08-26T15:22:31.834-05:00  INFO 4216 --- [businessdomain-product] [           main] com.netflix.discovery.DiscoveryClient    : Disable delta property : false
2024-08-26T15:22:31.835-05:00  INFO 4216 --- [businessdomain-product] [           main] com.netflix.discovery.DiscoveryClient    : Single vip registry refresh property : null
2024-08-26T15:22:31.835-05:00  INFO 4216 --- [businessdomain-product] [           main] com.netflix.discovery.DiscoveryClient    : Force full registry fetch : false
2024-08-26T15:22:31.835-05:00  INFO 4216 --- [businessdomain-product] [           main] com.netflix.discovery.DiscoveryClient    : Application is null : false
2024-08-26T15:22:31.835-05:00  INFO 4216 --- [businessdomain-product] [           main] com.netflix.discovery.DiscoveryClient    : Registered Applications size is zero : true
2024-08-26T15:22:31.839-05:00  INFO 4216 --- [businessdomain-product] [           main] com.netflix.discovery.DiscoveryClient    : Application version is -1: true
2024-08-26T15:22:31.840-05:00  INFO 4216 --- [businessdomain-product] [           main] com.netflix.discovery.DiscoveryClient    : Getting all instance registry info from the eureka server
2024-08-26T15:22:33.666-05:00  INFO 4216 --- [businessdomain-product] [           main] com.netflix.discovery.DiscoveryClient    : The response status is 200
2024-08-26T15:22:33.673-05:00  INFO 4216 --- [businessdomain-product] [           main] com.netflix.discovery.DiscoveryClient    : Starting heartbeat executor: renew interval is: 30
2024-08-26T15:22:33.678-05:00  INFO 4216 --- [businessdomain-product] [           main] c.n.discovery.InstanceInfoReplicator     : InstanceInfoReplicator onDemand update allowed rate per min is 4
2024-08-26T15:22:33.682-05:00  INFO 4216 --- [businessdomain-product] [           main] com.netflix.discovery.DiscoveryClient    : Discovery Client initialized at timestamp 1724703753681 with initial instances count: 1
2024-08-26T15:22:33.701-05:00  INFO 4216 --- [businessdomain-product] [           main] o.s.c.n.e.s.EurekaServiceRegistry        : Registering application BUSINESSDOMAIN-PRODUCT with eureka with status UP
2024-08-26T15:22:33.703-05:00  INFO 4216 --- [businessdomain-product] [           main] com.netflix.discovery.DiscoveryClient    : Saw local status change event StatusChangeEvent [timestamp=1724703753703, current=UP, previous=STARTING]
2024-08-26T15:22:33.704-05:00  INFO 4216 --- [businessdomain-product] [foReplicator-%d] com.netflix.discovery.DiscoveryClient    : DiscoveryClient_BUSINESSDOMAIN-PRODUCT/DESKTOP-5RBNQHB:businessdomain-product:8083: registering service...
2024-08-26T15:22:33.705-05:00  WARN 4216 --- [businessdomain-product] [           main] c.n.discovery.InstanceInfoReplicator     : Ignoring onDemand update due to rate limiter
2024-08-26T15:22:33.845-05:00  INFO 4216 --- [businessdomain-product] [           main] c.p.product.ProductApplicationTests      : Started ProductApplicationTests in 35.642 seconds (process running for 43.044)
2024-08-26T15:22:33.870-05:00  INFO 4216 --- [businessdomain-product] [foReplicator-%d] com.netflix.discovery.DiscoveryClient    : DiscoveryClient_BUSINESSDOMAIN-PRODUCT/DESKTOP-5RBNQHB:businessdomain-product:8083 - registration status: 204
]]></system-out>
  </testcase>
</testsuite>